16:25:40 **** Incremental Build of configuration Debug for project CPU ****
make all 
Building target: CPU
Invoking: Cross GCC Linker
gcc  -o "CPU"  ./src/CPU.o   -lcommons
Finished building target: CPU
 
16:26:22 **** Incremental Build of configuration Debug for project CPU ****
make all 
make: No se hace nada para «all».
16:26:22 **** Incremental Build of configuration Debug for project Consola ****
make all 
make: No se hace nada para «all».
16:26:22 **** Incremental Build of configuration Debug for project File System ****
make all 
Building target: File System
Invoking: Cross GCC Linker
gcc  -o "File System"  ./src/File\ System.o   -lcommons
Finished building target: File System
 
16:26:22 **** Incremental Build of configuration Debug for project Kernel ****
make all 
Building target: Kernel
Invoking: Cross GCC Linker
gcc  -o "Kernel"  ./src/Kernel.o   -lcommons
Finished building target: Kernel
 
16:26:22 **** Incremental Build of configuration Debug for project Memoria ****
make all 
Building file: ../src/Memoria.c
Invoking: Cross GCC Compiler
gcc -O0 -g3 -Wall -c -fmessage-length=0 -MMD -MP -MF"src/Memoria.d" -MT"src/Memoria.d" -o "src/Memoria.o" "../src/Memoria.c"
../src/Memoria.c: In function ‘main’:
../src/Memoria.c:74:6: warning: unused variable ‘cliente’ [-Wunused-variable]
  int cliente = recibirConexion(socket_servidor);
      ^
Finished building: ../src/Memoria.c
 
Building target: Memoria
Invoking: Cross GCC Linker
gcc  -o "Memoria"  ./src/Memoria.o   -lcommons
Finished building target: Memoria
 
16:30:15 **** Incremental Build of configuration Debug for project CPU ****
make all 
Building file: ../src/CPU.c
Invoking: Cross GCC Compiler
gcc -O0 -g3 -Wall -c -fmessage-length=0 -MMD -MP -MF"src/CPU.d" -MT"src/CPU.d" -o "src/CPU.o" "../src/CPU.c"
Finished building: ../src/CPU.c
 
Building target: CPU
Invoking: Cross GCC Linker
gcc  -o "CPU"  ./src/CPU.o   -lcommons
Finished building target: CPU
 
16:30:15 **** Incremental Build of configuration Debug for project Consola ****
make all 
make: No se hace nada para «all».
16:30:15 **** Incremental Build of configuration Debug for project File System ****
make all 
make: No se hace nada para «all».
16:30:15 **** Incremental Build of configuration Debug for project Kernel ****
make all 
make: No se hace nada para «all».
16:30:15 **** Incremental Build of configuration Debug for project Memoria ****
make all 
Building file: ../src/Memoria.c
Invoking: Cross GCC Compiler
gcc -O0 -g3 -Wall -c -fmessage-length=0 -MMD -MP -MF"src/Memoria.d" -MT"src/Memoria.d" -o "src/Memoria.o" "../src/Memoria.c"
Finished building: ../src/Memoria.c
 
Building target: Memoria
Invoking: Cross GCC Linker
gcc  -o "Memoria"  ./src/Memoria.o   -lcommons
Finished building target: Memoria
 
16:30:19 **** Incremental Build of configuration Debug for project CPU ****
make all 
make: No se hace nada para «all».
16:30:19 **** Incremental Build of configuration Debug for project Consola ****
make all 
make: No se hace nada para «all».
16:30:19 **** Incremental Build of configuration Debug for project File System ****
make all 
make: No se hace nada para «all».
16:30:19 **** Incremental Build of configuration Debug for project Kernel ****
make all 
make: No se hace nada para «all».
16:30:19 **** Incremental Build of configuration Debug for project Memoria ****
make all 
make: No se hace nada para «all».
16:31:22 **** Incremental Build of configuration Debug for project CPU ****
make all 
make: No se hace nada para «all».
16:31:22 **** Incremental Build of configuration Debug for project Consola ****
make all 
make: No se hace nada para «all».
16:31:22 **** Incremental Build of configuration Debug for project File System ****
make all 
make: No se hace nada para «all».
16:31:22 **** Incremental Build of configuration Debug for project Kernel ****
make all 
make: No se hace nada para «all».
16:31:22 **** Incremental Build of configuration Debug for project Memoria ****
make all 
make: No se hace nada para «all».
16:42:21 **** Incremental Build of configuration Debug for project CPU ****
make all 
Building file: ../src/CPU.c
Invoking: Cross GCC Compiler
gcc -O0 -g3 -Wall -c -fmessage-length=0 -MMD -MP -MF"src/CPU.d" -MT"src/CPU.d" -o "src/CPU.o" "../src/CPU.c"
Finished building: ../src/CPU.c
 
Building target: CPU
Invoking: Cross GCC Linker
gcc  -o "CPU"  ./src/CPU.o   -lcommons
Finished building target: CPU
 
16:42:22 **** Incremental Build of configuration Debug for project Consola ****
make all 
make: No se hace nada para «all».
16:42:22 **** Incremental Build of configuration Debug for project File System ****
make all 
make: No se hace nada para «all».
16:42:22 **** Incremental Build of configuration Debug for project Kernel ****
make all 
make: No se hace nada para «all».
16:42:22 **** Incremental Build of configuration Debug for project Memoria ****
make all 
make: No se hace nada para «all».
16:42:24 **** Incremental Build of configuration Debug for project CPU ****
make all 
make: No se hace nada para «all».
16:42:24 **** Incremental Build of configuration Debug for project Consola ****
make all 
make: No se hace nada para «all».
16:42:24 **** Incremental Build of configuration Debug for project File System ****
make all 
make: No se hace nada para «all».
16:42:25 **** Incremental Build of configuration Debug for project Kernel ****
make all 
make: No se hace nada para «all».
16:42:25 **** Incremental Build of configuration Debug for project Memoria ****
make all 
make: No se hace nada para «all».
16:46:10 **** Incremental Build of configuration Debug for project CPU ****
make all 
Building file: ../src/CPU.c
Invoking: Cross GCC Compiler
gcc -O0 -g3 -Wall -c -fmessage-length=0 -MMD -MP -MF"src/CPU.d" -MT"src/CPU.d" -o "src/CPU.o" "../src/CPU.c"
../src/CPU.c: In function ‘enviar’:
../src/CPU.c:85:2: error: too many arguments to function ‘enviar’
  enviar(socket, (void*) mensaje, tamanio);
  ^
../src/CPU.c:82:6: note: declared here
 void enviar(int socket, char* mensaje){
      ^
make: *** [src/CPU.o] Error 1
16:46:10 **** Incremental Build of configuration Debug for project Consola ****
make all 
make: No se hace nada para «all».
16:46:10 **** Incremental Build of configuration Debug for project File System ****
make all 
make: No se hace nada para «all».
16:46:11 **** Incremental Build of configuration Debug for project Kernel ****
make all 
make: No se hace nada para «all».
16:46:11 **** Incremental Build of configuration Debug for project Memoria ****
make all 
Building file: ../src/Memoria.c
Invoking: Cross GCC Compiler
gcc -O0 -g3 -Wall -c -fmessage-length=0 -MMD -MP -MF"src/Memoria.d" -MT"src/Memoria.d" -o "src/Memoria.o" "../src/Memoria.c"
../src/Memoria.c: In function ‘main’:
../src/Memoria.c:75:2: error: too few arguments to function ‘enviar_string’
  enviar_string(socket_cliente,"Hola");
  ^
../src/Memoria.c:57:6: note: declared here
 void enviar_string(int socket, void* cosaAEnviar, int tamanio);
      ^
../src/Memoria.c: At top level:
../src/Memoria.c:199:7: error: conflicting types for ‘recibir_string_generico’
 char* recibir_string_generico(int socket_aceptado){
       ^
../src/Memoria.c:56:7: note: previous declaration of ‘recibir_string_generico’ was here
 void* recibir_string_generico(int socket);
       ^
../src/Memoria.c:203:6: error: conflicting types for ‘enviar_string’
 void enviar_string(int socket, char* mensaje){
      ^
../src/Memoria.c:57:6: note: previous declaration of ‘enviar_string’ was here
 void enviar_string(int socket, void* cosaAEnviar, int tamanio);
      ^
../src/Memoria.c: In function ‘enviar_string’:
../src/Memoria.c:206:2: error: too many arguments to function ‘enviar’
  enviar(socket, (void*) mensaje, tamanio);
  ^
../src/Memoria.c:55:6: note: declared here
 void enviar(int socket, char * mensaje);
      ^
../src/Memoria.c: At top level:
../src/Memoria.c:209:6: error: conflicting types for ‘enviar’
 void enviar(int socket, void* cosaAEnviar, int tamanio){
      ^
../src/Memoria.c:55:6: note: previous declaration of ‘enviar’ was here
 void enviar(int socket, char * mensaje);
      ^
../src/Memoria.c:220:7: error: conflicting types for ‘recibir’
 void* recibir(int socket){
       ^
../src/Memoria.c:54:7: note: previous declaration of ‘recibir’ was here
 char* recibir(int socket_aceptado);
       ^
make: *** [src/Memoria.o] Error 1
16:46:36 **** Incremental Build of configuration Debug for project CPU ****
make all 
Building file: ../src/CPU.c
Invoking: Cross GCC Compiler
gcc -O0 -g3 -Wall -c -fmessage-length=0 -MMD -MP -MF"src/CPU.d" -MT"src/CPU.d" -o "src/CPU.o" "../src/CPU.c"
../src/CPU.c: In function ‘enviar’:
../src/CPU.c:85:2: error: too many arguments to function ‘enviar’
  enviar(socket, (void*) mensaje, tamanio);
  ^
../src/CPU.c:82:6: note: declared here
 void enviar(int socket, char* mensaje){
      ^
make: *** [src/CPU.o] Error 1
16:46:36 **** Incremental Build of configuration Debug for project Consola ****
make all 
make: No se hace nada para «all».
16:46:36 **** Incremental Build of configuration Debug for project File System ****
make all 
make: No se hace nada para «all».
16:46:36 **** Incremental Build of configuration Debug for project Kernel ****
make all 
make: No se hace nada para «all».
16:46:36 **** Incremental Build of configuration Debug for project Memoria ****
make all 
Building file: ../src/Memoria.c
Invoking: Cross GCC Compiler
gcc -O0 -g3 -Wall -c -fmessage-length=0 -MMD -MP -MF"src/Memoria.d" -MT"src/Memoria.d" -o "src/Memoria.o" "../src/Memoria.c"
../src/Memoria.c:199:7: error: conflicting types for ‘recibir_string_generico’
 char* recibir_string_generico(int socket_aceptado){
       ^
../src/Memoria.c:56:7: note: previous declaration of ‘recibir_string_generico’ was here
 void* recibir_string_generico(int socket);
       ^
../src/Memoria.c:203:6: error: conflicting types for ‘enviar_string’
 void enviar_string(int socket, char* mensaje){
      ^
../src/Memoria.c:57:6: note: previous declaration of ‘enviar_string’ was here
 void enviar_string(int socket, void* cosaAEnviar, int tamanio);
      ^
../src/Memoria.c: In function ‘enviar_string’:
../src/Memoria.c:206:2: error: too many arguments to function ‘enviar’
  enviar(socket, (void*) mensaje, tamanio);
  ^
../src/Memoria.c:55:6: note: declared here
 void enviar(int socket, char * mensaje);
      ^
../src/Memoria.c: At top level:
../src/Memoria.c:209:6: error: conflicting types for ‘enviar’
 void enviar(int socket, void* cosaAEnviar, int tamanio){
      ^
../src/Memoria.c:55:6: note: previous declaration of ‘enviar’ was here
 void enviar(int socket, char * mensaje);
      ^
../src/Memoria.c:220:7: error: conflicting types for ‘recibir’
 void* recibir(int socket){
       ^
../src/Memoria.c:54:7: note: previous declaration of ‘recibir’ was here
 char* recibir(int socket_aceptado);
       ^
make: *** [src/Memoria.o] Error 1
16:47:30 **** Incremental Build of configuration Debug for project CPU ****
make all 
Building file: ../src/CPU.c
Invoking: Cross GCC Compiler
gcc -O0 -g3 -Wall -c -fmessage-length=0 -MMD -MP -MF"src/CPU.d" -MT"src/CPU.d" -o "src/CPU.o" "../src/CPU.c"
../src/CPU.c: In function ‘enviar’:
../src/CPU.c:85:2: error: too many arguments to function ‘enviar’
  enviar(socket, (void*) mensaje, tamanio);
  ^
../src/CPU.c:82:6: note: declared here
 void enviar(int socket, char* mensaje){
      ^
make: *** [src/CPU.o] Error 1
16:47:30 **** Incremental Build of configuration Debug for project Consola ****
make all 
make: No se hace nada para «all».
16:47:30 **** Incremental Build of configuration Debug for project File System ****
make all 
make: No se hace nada para «all».
16:47:30 **** Incremental Build of configuration Debug for project Kernel ****
make all 
make: No se hace nada para «all».
16:47:30 **** Incremental Build of configuration Debug for project Memoria ****
make all 
Building file: ../src/Memoria.c
Invoking: Cross GCC Compiler
gcc -O0 -g3 -Wall -c -fmessage-length=0 -MMD -MP -MF"src/Memoria.d" -MT"src/Memoria.d" -o "src/Memoria.o" "../src/Memoria.c"
../src/Memoria.c: In function ‘main’:
../src/Memoria.c:75:2: error: too few arguments to function ‘enviar_string’
  enviar_string(socket_cliente,"Hola");
  ^
../src/Memoria.c:57:6: note: declared here
 void enviar_string(int socket, void* cosaAEnviar, int tamanio);
      ^
../src/Memoria.c: At top level:
../src/Memoria.c:199:7: error: conflicting types for ‘recibir_string_generico’
 char* recibir_string_generico(int socket_aceptado){
       ^
../src/Memoria.c:56:7: note: previous declaration of ‘recibir_string_generico’ was here
 void* recibir_string_generico(int socket);
       ^
../src/Memoria.c:203:6: error: conflicting types for ‘enviar_string’
 void enviar_string(int socket, char* mensaje){
      ^
../src/Memoria.c:57:6: note: previous declaration of ‘enviar_string’ was here
 void enviar_string(int socket, void* cosaAEnviar, int tamanio);
      ^
../src/Memoria.c: In function ‘enviar_string’:
../src/Memoria.c:206:2: error: too many arguments to function ‘enviar’
  enviar(socket, (void*) mensaje, tamanio);
  ^
../src/Memoria.c:55:6: note: declared here
 void enviar(int socket, char * mensaje);
      ^
../src/Memoria.c: At top level:
../src/Memoria.c:209:6: error: conflicting types for ‘enviar’
 void enviar(int socket, void* cosaAEnviar, int tamanio){
      ^
../src/Memoria.c:55:6: note: previous declaration of ‘enviar’ was here
 void enviar(int socket, char * mensaje);
      ^
../src/Memoria.c:220:7: error: conflicting types for ‘recibir’
 void* recibir(int socket){
       ^
../src/Memoria.c:54:7: note: previous declaration of ‘recibir’ was here
 char* recibir(int socket_aceptado);
       ^
make: *** [src/Memoria.o] Error 1
16:47:56 **** Incremental Build of configuration Debug for project CPU ****
make all 
Building file: ../src/CPU.c
Invoking: Cross GCC Compiler
gcc -O0 -g3 -Wall -c -fmessage-length=0 -MMD -MP -MF"src/CPU.d" -MT"src/CPU.d" -o "src/CPU.o" "../src/CPU.c"
../src/CPU.c: In function ‘enviar’:
../src/CPU.c:85:2: error: too many arguments to function ‘enviar’
  enviar(socket, (void*) mensaje, tamanio);
  ^
../src/CPU.c:82:6: note: declared here
 void enviar(int socket, char* mensaje){
      ^
make: *** [src/CPU.o] Error 1
16:47:56 **** Incremental Build of configuration Debug for project Consola ****
make all 
make: No se hace nada para «all».
16:47:56 **** Incremental Build of configuration Debug for project File System ****
make all 
make: No se hace nada para «all».
16:47:57 **** Incremental Build of configuration Debug for project Kernel ****
make all 
make: No se hace nada para «all».
16:47:57 **** Incremental Build of configuration Debug for project Memoria ****
make all 
Building file: ../src/Memoria.c
Invoking: Cross GCC Compiler
gcc -O0 -g3 -Wall -c -fmessage-length=0 -MMD -MP -MF"src/Memoria.d" -MT"src/Memoria.d" -o "src/Memoria.o" "../src/Memoria.c"
../src/Memoria.c: In function ‘main’:
../src/Memoria.c:75:2: error: too few arguments to function ‘enviar_string’
  enviar_string(socket_cliente,"Hola");
  ^
../src/Memoria.c:57:6: note: declared here
 void enviar_string(int socket, void* cosaAEnviar, int tamanio);
      ^
../src/Memoria.c: At top level:
../src/Memoria.c:199:7: error: conflicting types for ‘recibir_string_generico’
 char* recibir_string_generico(int socket_aceptado){
       ^
../src/Memoria.c:56:7: note: previous declaration of ‘recibir_string_generico’ was here
 void* recibir_string_generico(int socket);
       ^
../src/Memoria.c: In function ‘enviar’:
../src/Memoria.c:206:2: error: too many arguments to function ‘enviar’
  enviar(socket, (void*) mensaje, tamanio);
  ^
../src/Memoria.c:203:6: note: declared here
 void enviar(int socket, char* mensaje){
      ^
../src/Memoria.c: At top level:
../src/Memoria.c:220:7: error: conflicting types for ‘recibir’
 void* recibir(int socket){
       ^
../src/Memoria.c:54:7: note: previous declaration of ‘recibir’ was here
 char* recibir(int socket_aceptado);
       ^
make: *** [src/Memoria.o] Error 1
16:48:05 **** Incremental Build of configuration Debug for project CPU ****
make all 
Building file: ../src/CPU.c
Invoking: Cross GCC Compiler
gcc -O0 -g3 -Wall -c -fmessage-length=0 -MMD -MP -MF"src/CPU.d" -MT"src/CPU.d" -o "src/CPU.o" "../src/CPU.c"
../src/CPU.c: In function ‘enviar’:
../src/CPU.c:85:2: error: too many arguments to function ‘enviar’
  enviar(socket, (void*) mensaje, tamanio);
  ^
../src/CPU.c:82:6: note: declared here
 void enviar(int socket, char* mensaje){
      ^
make: *** [src/CPU.o] Error 1
16:48:05 **** Incremental Build of configuration Debug for project Consola ****
make all 
make: No se hace nada para «all».
16:48:05 **** Incremental Build of configuration Debug for project File System ****
make all 
make: No se hace nada para «all».
16:48:05 **** Incremental Build of configuration Debug for project Kernel ****
make all 
make: No se hace nada para «all».
16:48:06 **** Incremental Build of configuration Debug for project Memoria ****
make all 
Building file: ../src/Memoria.c
Invoking: Cross GCC Compiler
gcc -O0 -g3 -Wall -c -fmessage-length=0 -MMD -MP -MF"src/Memoria.d" -MT"src/Memoria.d" -o "src/Memoria.o" "../src/Memoria.c"
../src/Memoria.c: In function ‘main’:
../src/Memoria.c:75:2: error: too few arguments to function ‘enviar_string’
  enviar_string(socket_cliente,"Hola");
  ^
../src/Memoria.c:57:6: note: declared here
 void enviar_string(int socket, void* cosaAEnviar, int tamanio);
      ^
../src/Memoria.c: In function ‘enviar’:
../src/Memoria.c:206:2: error: too many arguments to function ‘enviar’
  enviar(socket, (void*) mensaje, tamanio);
  ^
../src/Memoria.c:203:6: note: declared here
 void enviar(int socket, char* mensaje){
      ^
make: *** [src/Memoria.o] Error 1
16:48:12 **** Incremental Build of configuration Debug for project CPU ****
make all 
Building file: ../src/CPU.c
Invoking: Cross GCC Compiler
gcc -O0 -g3 -Wall -c -fmessage-length=0 -MMD -MP -MF"src/CPU.d" -MT"src/CPU.d" -o "src/CPU.o" "../src/CPU.c"
../src/CPU.c: In function ‘enviar’:
../src/CPU.c:85:2: error: too many arguments to function ‘enviar’
  enviar(socket, (void*) mensaje, tamanio);
  ^
../src/CPU.c:82:6: note: declared here
 void enviar(int socket, char* mensaje){
      ^
make: *** [src/CPU.o] Error 1
16:48:13 **** Incremental Build of configuration Debug for project Consola ****
make all 
make: No se hace nada para «all».
16:48:13 **** Incremental Build of configuration Debug for project File System ****
make all 
make: No se hace nada para «all».
16:48:13 **** Incremental Build of configuration Debug for project Kernel ****
make all 
make: No se hace nada para «all».
16:48:13 **** Incremental Build of configuration Debug for project Memoria ****
make all 
Building file: ../src/Memoria.c
Invoking: Cross GCC Compiler
gcc -O0 -g3 -Wall -c -fmessage-length=0 -MMD -MP -MF"src/Memoria.d" -MT"src/Memoria.d" -o "src/Memoria.o" "../src/Memoria.c"
../src/Memoria.c: In function ‘main’:
../src/Memoria.c:75:2: error: too few arguments to function ‘enviar_string’
  enviar_string(socket_cliente,"Hola");
  ^
../src/Memoria.c:57:6: note: declared here
 void enviar_string(int socket, void* cosaAEnviar, int tamanio);
      ^
make: *** [src/Memoria.o] Error 1
16:48:41 **** Incremental Build of configuration Debug for project CPU ****
make all 
Building file: ../src/CPU.c
Invoking: Cross GCC Compiler
gcc -O0 -g3 -Wall -c -fmessage-length=0 -MMD -MP -MF"src/CPU.d" -MT"src/CPU.d" -o "src/CPU.o" "../src/CPU.c"
../src/CPU.c: In function ‘enviar’:
../src/CPU.c:85:2: error: too many arguments to function ‘enviar’
  enviar(socket, (void*) mensaje, tamanio);
  ^
../src/CPU.c:82:6: note: declared here
 void enviar(int socket, char* mensaje){
      ^
make: *** [src/CPU.o] Error 1
16:48:41 **** Incremental Build of configuration Debug for project Consola ****
make all 
make: No se hace nada para «all».
16:48:41 **** Incremental Build of configuration Debug for project File System ****
make all 
make: No se hace nada para «all».
16:48:41 **** Incremental Build of configuration Debug for project Kernel ****
make all 
make: No se hace nada para «all».
16:48:42 **** Incremental Build of configuration Debug for project Memoria ****
make all 
Building file: ../src/Memoria.c
Invoking: Cross GCC Compiler
gcc -O0 -g3 -Wall -c -fmessage-length=0 -MMD -MP -MF"src/Memoria.d" -MT"src/Memoria.d" -o "src/Memoria.o" "../src/Memoria.c"
../src/Memoria.c: In function ‘main’:
../src/Memoria.c:75:2: error: too few arguments to function ‘enviar_string’
  enviar_string(socket_cliente,"Hola");
  ^
../src/Memoria.c:57:6: note: declared here
 void enviar_string(int socket, void* cosaAEnviar, int tamanio);
      ^
make: *** [src/Memoria.o] Error 1
16:48:53 **** Incremental Build of configuration Debug for project CPU ****
make all 
Building file: ../src/CPU.c
Invoking: Cross GCC Compiler
gcc -O0 -g3 -Wall -c -fmessage-length=0 -MMD -MP -MF"src/CPU.d" -MT"src/CPU.d" -o "src/CPU.o" "../src/CPU.c"
../src/CPU.c: In function ‘enviar’:
../src/CPU.c:85:2: error: too many arguments to function ‘enviar’
  enviar(socket, (void*) mensaje, tamanio);
  ^
../src/CPU.c:82:6: note: declared here
 void enviar(int socket, char* mensaje){
      ^
make: *** [src/CPU.o] Error 1
16:48:53 **** Incremental Build of configuration Debug for project Consola ****
make all 
make: No se hace nada para «all».
16:48:53 **** Incremental Build of configuration Debug for project File System ****
make all 
make: No se hace nada para «all».
16:48:53 **** Incremental Build of configuration Debug for project Kernel ****
make all 
make: No se hace nada para «all».
16:48:53 **** Incremental Build of configuration Debug for project Memoria ****
make all 
Building file: ../src/Memoria.c
Invoking: Cross GCC Compiler
gcc -O0 -g3 -Wall -c -fmessage-length=0 -MMD -MP -MF"src/Memoria.d" -MT"src/Memoria.d" -o "src/Memoria.o" "../src/Memoria.c"
../src/Memoria.c: In function ‘main’:
../src/Memoria.c:75:2: error: too few arguments to function ‘enviar_string’
  enviar_string(socket_cliente,"Hola");
  ^
../src/Memoria.c:57:6: note: declared here
 void enviar_string(int socket, void* cosaAEnviar, int tamanio);
      ^
make: *** [src/Memoria.o] Error 1
16:49:37 **** Incremental Build of configuration Debug for project CPU ****
make all 
Building file: ../src/CPU.c
Invoking: Cross GCC Compiler
gcc -O0 -g3 -Wall -c -fmessage-length=0 -MMD -MP -MF"src/CPU.d" -MT"src/CPU.d" -o "src/CPU.o" "../src/CPU.c"
../src/CPU.c: In function ‘recibir_string_generico’:
../src/CPU.c:121:2: error: expected declaration or statement at end of input
  return !checkSocket ? NULL:recibido;
  ^
make: *** [src/CPU.o] Error 1
16:49:37 **** Incremental Build of configuration Debug for project Consola ****
make all 
make: No se hace nada para «all».
16:49:37 **** Incremental Build of configuration Debug for project File System ****
make all 
make: No se hace nada para «all».
16:49:37 **** Incremental Build of configuration Debug for project Kernel ****
make all 
make: No se hace nada para «all».
16:49:37 **** Incremental Build of configuration Debug for project Memoria ****
make all 
Building file: ../src/Memoria.c
Invoking: Cross GCC Compiler
gcc -O0 -g3 -Wall -c -fmessage-length=0 -MMD -MP -MF"src/Memoria.d" -MT"src/Memoria.d" -o "src/Memoria.o" "../src/Memoria.c"
../src/Memoria.c: In function ‘main’:
../src/Memoria.c:75:2: error: too few arguments to function ‘enviar_string’
  enviar_string(socket_cliente,"Hola");
  ^
../src/Memoria.c:57:6: note: declared here
 void enviar_string(int socket, void* cosaAEnviar, int tamanio);
      ^
make: *** [src/Memoria.o] Error 1
16:49:45 **** Incremental Build of configuration Debug for project CPU ****
make all 
Building file: ../src/CPU.c
Invoking: Cross GCC Compiler
gcc -O0 -g3 -Wall -c -fmessage-length=0 -MMD -MP -MF"src/CPU.d" -MT"src/CPU.d" -o "src/CPU.o" "../src/CPU.c"
Finished building: ../src/CPU.c
 
Building target: CPU
Invoking: Cross GCC Linker
gcc  -o "CPU"  ./src/CPU.o   -lcommons
Finished building target: CPU
 
16:49:46 **** Incremental Build of configuration Debug for project Consola ****
make all 
make: No se hace nada para «all».
16:49:46 **** Incremental Build of configuration Debug for project File System ****
make all 
make: No se hace nada para «all».
16:49:46 **** Incremental Build of configuration Debug for project Kernel ****
make all 
make: No se hace nada para «all».
16:49:46 **** Incremental Build of configuration Debug for project Memoria ****
make all 
Building file: ../src/Memoria.c
Invoking: Cross GCC Compiler
gcc -O0 -g3 -Wall -c -fmessage-length=0 -MMD -MP -MF"src/Memoria.d" -MT"src/Memoria.d" -o "src/Memoria.o" "../src/Memoria.c"
../src/Memoria.c: In function ‘main’:
../src/Memoria.c:75:2: error: too few arguments to function ‘enviar_string’
  enviar_string(socket_cliente,"Hola");
  ^
../src/Memoria.c:57:6: note: declared here
 void enviar_string(int socket, void* cosaAEnviar, int tamanio);
      ^
make: *** [src/Memoria.o] Error 1
16:49:49 **** Incremental Build of configuration Debug for project CPU ****
make all 
make: No se hace nada para «all».
16:49:49 **** Incremental Build of configuration Debug for project Consola ****
make all 
make: No se hace nada para «all».
16:49:49 **** Incremental Build of configuration Debug for project File System ****
make all 
make: No se hace nada para «all».
16:49:49 **** Incremental Build of configuration Debug for project Kernel ****
make all 
make: No se hace nada para «all».
16:49:49 **** Incremental Build of configuration Debug for project Memoria ****
make all 
Building file: ../src/Memoria.c
Invoking: Cross GCC Compiler
gcc -O0 -g3 -Wall -c -fmessage-length=0 -MMD -MP -MF"src/Memoria.d" -MT"src/Memoria.d" -o "src/Memoria.o" "../src/Memoria.c"
../src/Memoria.c: In function ‘main’:
../src/Memoria.c:75:2: error: too few arguments to function ‘enviar_string’
  enviar_string(socket_cliente,"Hola");
  ^
../src/Memoria.c:57:6: note: declared here
 void enviar_string(int socket, void* cosaAEnviar, int tamanio);
      ^
make: *** [src/Memoria.o] Error 1
16:49:59 **** Incremental Build of configuration Debug for project CPU ****
make all 
make: No se hace nada para «all».
16:50:00 **** Incremental Build of configuration Debug for project Consola ****
make all 
make: No se hace nada para «all».
16:50:00 **** Incremental Build of configuration Debug for project File System ****
make all 
make: No se hace nada para «all».
16:50:00 **** Incremental Build of configuration Debug for project Kernel ****
make all 
make: No se hace nada para «all».
16:50:00 **** Incremental Build of configuration Debug for project Memoria ****
make all 
Building file: ../src/Memoria.c
Invoking: Cross GCC Compiler
gcc -O0 -g3 -Wall -c -fmessage-length=0 -MMD -MP -MF"src/Memoria.d" -MT"src/Memoria.d" -o "src/Memoria.o" "../src/Memoria.c"
Finished building: ../src/Memoria.c
 
Building target: Memoria
Invoking: Cross GCC Linker
gcc  -o "Memoria"  ./src/Memoria.o   -lcommons
Finished building target: Memoria
 
16:50:12 **** Incremental Build of configuration Debug for project CPU ****
make all 
make: No se hace nada para «all».
16:50:12 **** Incremental Build of configuration Debug for project Consola ****
make all 
make: No se hace nada para «all».
16:50:12 **** Incremental Build of configuration Debug for project File System ****
make all 
make: No se hace nada para «all».
16:50:12 **** Incremental Build of configuration Debug for project Kernel ****
make all 
make: No se hace nada para «all».
16:50:12 **** Incremental Build of configuration Debug for project Memoria ****
make all 
make: No se hace nada para «all».
16:58:21 **** Incremental Build of configuration Debug for project CPU ****
make all 
Building file: ../src/CPU.c
Invoking: Cross GCC Compiler
gcc -O0 -g3 -Wall -c -fmessage-length=0 -MMD -MP -MF"src/CPU.d" -MT"src/CPU.d" -o "src/CPU.o" "../src/CPU.c"
Finished building: ../src/CPU.c
 
Building target: CPU
Invoking: Cross GCC Linker
gcc  -o "CPU"  ./src/CPU.o   -lcommons
Finished building target: CPU
 
16:58:21 **** Incremental Build of configuration Debug for project Consola ****
make all 
make: No se hace nada para «all».
16:58:22 **** Incremental Build of configuration Debug for project File System ****
make all 
make: No se hace nada para «all».
16:58:22 **** Incremental Build of configuration Debug for project Kernel ****
make all 
make: No se hace nada para «all».
16:58:22 **** Incremental Build of configuration Debug for project Memoria ****
make all 
Building file: ../src/Memoria.c
Invoking: Cross GCC Compiler
gcc -O0 -g3 -Wall -c -fmessage-length=0 -MMD -MP -MF"src/Memoria.d" -MT"src/Memoria.d" -o "src/Memoria.o" "../src/Memoria.c"
Finished building: ../src/Memoria.c
 
Building target: Memoria
Invoking: Cross GCC Linker
gcc  -o "Memoria"  ./src/Memoria.o   -lcommons
Finished building target: Memoria
 
16:58:39 **** Incremental Build of configuration Debug for project CPU ****
make all 
Building file: ../src/CPU.c
Invoking: Cross GCC Compiler
gcc -O0 -g3 -Wall -c -fmessage-length=0 -MMD -MP -MF"src/CPU.d" -MT"src/CPU.d" -o "src/CPU.o" "../src/CPU.c"
Finished building: ../src/CPU.c
 
Building target: CPU
Invoking: Cross GCC Linker
gcc  -o "CPU"  ./src/CPU.o   -lcommons
Finished building target: CPU
 
16:58:39 **** Incremental Build of configuration Debug for project Consola ****
make all 
make: No se hace nada para «all».
16:58:39 **** Incremental Build of configuration Debug for project File System ****
make all 
make: No se hace nada para «all».
16:58:39 **** Incremental Build of configuration Debug for project Kernel ****
make all 
make: No se hace nada para «all».
16:58:39 **** Incremental Build of configuration Debug for project Memoria ****
make all 
make: No se hace nada para «all».
16:58:57 **** Incremental Build of configuration Debug for project CPU ****
make all 
make: No se hace nada para «all».
16:58:57 **** Incremental Build of configuration Debug for project Consola ****
make all 
make: No se hace nada para «all».
16:58:57 **** Incremental Build of configuration Debug for project File System ****
make all 
make: No se hace nada para «all».
16:58:58 **** Incremental Build of configuration Debug for project Kernel ****
make all 
make: No se hace nada para «all».
16:58:58 **** Incremental Build of configuration Debug for project Memoria ****
make all 
make: No se hace nada para «all».
17:03:22 **** Incremental Build of configuration Debug for project CPU ****
make all 
make: No se hace nada para «all».
17:03:22 **** Incremental Build of configuration Debug for project Consola ****
make all 
make: No se hace nada para «all».
17:03:22 **** Incremental Build of configuration Debug for project File System ****
make all 
make: No se hace nada para «all».
17:03:22 **** Incremental Build of configuration Debug for project Kernel ****
make all 
make: No se hace nada para «all».
17:03:23 **** Incremental Build of configuration Debug for project Memoria ****
make all 
Building file: ../src/Memoria.c
Invoking: Cross GCC Compiler
gcc -O0 -g3 -Wall -c -fmessage-length=0 -MMD -MP -MF"src/Memoria.d" -MT"src/Memoria.d" -o "src/Memoria.o" "../src/Memoria.c"
../src/Memoria.c: In function ‘main’:
../src/Memoria.c:75:2: error: too few arguments to function ‘enviar_string’
  enviar_string(socket_cliente,"Hola");
  ^
../src/Memoria.c:57:6: note: declared here
 void enviar_string(int socket, void* cosaAEnviar, int tamanio);
      ^
../src/Memoria.c: At top level:
../src/Memoria.c:204:7: error: conflicting types for ‘recibir_string’
 char* recibir_string(int socket_aceptado){
       ^
../src/Memoria.c:56:7: note: previous declaration of ‘recibir_string’ was here
 void* recibir_string(int socket);
       ^
../src/Memoria.c:208:6: error: conflicting types for ‘enviar_string’
 void enviar_string(int socket, char* mensaje){
      ^
../src/Memoria.c:57:6: note: previous declaration of ‘enviar_string’ was here
 void enviar_string(int socket, void* cosaAEnviar, int tamanio);
      ^
../src/Memoria.c: In function ‘enviar_string’:
../src/Memoria.c:211:2: error: too many arguments to function ‘enviar’
  enviar(socket, (void*) mensaje, tamanio);
  ^
../src/Memoria.c:55:6: note: declared here
 void enviar(int socket, char * mensaje);
      ^
../src/Memoria.c: At top level:
../src/Memoria.c:214:6: error: conflicting types for ‘enviar’
 void enviar(int socket, void* cosaAEnviar, int tamanio){
      ^
../src/Memoria.c:55:6: note: previous declaration of ‘enviar’ was here
 void enviar(int socket, char * mensaje);
      ^
../src/Memoria.c:225:7: error: conflicting types for ‘recibir’
 void* recibir(int socket){
       ^
../src/Memoria.c:54:7: note: previous declaration of ‘recibir’ was here
 char* recibir(int socket_aceptado);
       ^
make: *** [src/Memoria.o] Error 1
17:03:41 **** Incremental Build of configuration Debug for project CPU ****
make all 
make: No se hace nada para «all».
17:03:41 **** Incremental Build of configuration Debug for project Consola ****
make all 
make: No se hace nada para «all».
17:03:41 **** Incremental Build of configuration Debug for project File System ****
make all 
make: No se hace nada para «all».
17:03:41 **** Incremental Build of configuration Debug for project Kernel ****
make all 
make: No se hace nada para «all».
17:03:41 **** Incremental Build of configuration Debug for project Memoria ****
make all 
Building file: ../src/Memoria.c
Invoking: Cross GCC Compiler
gcc -O0 -g3 -Wall -c -fmessage-length=0 -MMD -MP -MF"src/Memoria.d" -MT"src/Memoria.d" -o "src/Memoria.o" "../src/Memoria.c"
Finished building: ../src/Memoria.c
 
Building target: Memoria
Invoking: Cross GCC Linker
gcc  -o "Memoria"  ./src/Memoria.o   -lcommons
Finished building target: Memoria
 
17:04:08 **** Incremental Build of configuration Debug for project CPU ****
make all 
Building file: ../src/CPU.c
Invoking: Cross GCC Compiler
gcc -O0 -g3 -Wall -c -fmessage-length=0 -MMD -MP -MF"src/CPU.d" -MT"src/CPU.d" -o "src/CPU.o" "../src/CPU.c"
Finished building: ../src/CPU.c
 
Building target: CPU
Invoking: Cross GCC Linker
gcc  -o "CPU"  ./src/CPU.o   -lcommons
Finished building target: CPU
 
17:04:09 **** Incremental Build of configuration Debug for project Consola ****
make all 
make: No se hace nada para «all».
17:04:09 **** Incremental Build of configuration Debug for project File System ****
make all 
make: No se hace nada para «all».
17:04:09 **** Incremental Build of configuration Debug for project Kernel ****
make all 
make: No se hace nada para «all».
17:04:09 **** Incremental Build of configuration Debug for project Memoria ****
make all 
make: No se hace nada para «all».
17:04:12 **** Incremental Build of configuration Debug for project CPU ****
make all 
make: No se hace nada para «all».
17:04:12 **** Incremental Build of configuration Debug for project Consola ****
make all 
make: No se hace nada para «all».
17:04:12 **** Incremental Build of configuration Debug for project File System ****
make all 
make: No se hace nada para «all».
17:04:12 **** Incremental Build of configuration Debug for project Kernel ****
make all 
make: No se hace nada para «all».
17:04:12 **** Incremental Build of configuration Debug for project Memoria ****
make all 
make: No se hace nada para «all».
17:22:04 **** Incremental Build of configuration Debug for project CPU ****
make all 
Building file: ../src/CPU.c
Invoking: Cross GCC Compiler
gcc -O0 -g3 -Wall -c -fmessage-length=0 -MMD -MP -MF"src/CPU.d" -MT"src/CPU.d" -o "src/CPU.o" "../src/CPU.c"
../src/CPU.c: In function ‘main’:
../src/CPU.c:39:3: warning: passing argument 2 of ‘enviar’ makes pointer from integer without a cast [enabled by default]
   enviar(socket_Memoria,orden,sizeof(orden));
   ^
../src/CPU.c:29:6: note: expected ‘void *’ but argument is of type ‘char’
 void enviar(int socket, void* cosaAEnviar, int tamanio);
      ^
Finished building: ../src/CPU.c
 
Building target: CPU
Invoking: Cross GCC Linker
gcc  -o "CPU"  ./src/CPU.o   -lcommons
Finished building target: CPU
 
17:22:04 **** Incremental Build of configuration Debug for project Consola ****
make all 
make: No se hace nada para «all».
17:22:04 **** Incremental Build of configuration Debug for project File System ****
make all 
make: No se hace nada para «all».
17:22:05 **** Incremental Build of configuration Debug for project Kernel ****
make all 
make: No se hace nada para «all».
17:22:05 **** Incremental Build of configuration Debug for project Memoria ****
make all 
Building file: ../src/Memoria.c
Invoking: Cross GCC Compiler
gcc -O0 -g3 -Wall -c -fmessage-length=0 -MMD -MP -MF"src/Memoria.d" -MT"src/Memoria.d" -o "src/Memoria.o" "../src/Memoria.c"
../src/Memoria.c: In function ‘nuevaOrdenDeAccion’:
../src/Memoria.c:280:9: warning: assignment makes integer from pointer without a cast [enabled by default]
  buffer = recibir(puertoCliente);
         ^
Finished building: ../src/Memoria.c
 
Building target: Memoria
Invoking: Cross GCC Linker
gcc  -o "Memoria"  ./src/Memoria.o   -lcommons
Finished building target: Memoria
 
17:22:20 **** Incremental Build of configuration Debug for project CPU ****
make all 
Building file: ../src/CPU.c
Invoking: Cross GCC Compiler
gcc -O0 -g3 -Wall -c -fmessage-length=0 -MMD -MP -MF"src/CPU.d" -MT"src/CPU.d" -o "src/CPU.o" "../src/CPU.c"
../src/CPU.c: In function ‘main’:
../src/CPU.c:39:25: error: invalid type argument of unary ‘*’ (have ‘int’)
   enviar(socket_Memoria,*orden,sizeof(orden));
                         ^
make: *** [src/CPU.o] Error 1
17:22:20 **** Incremental Build of configuration Debug for project Consola ****
make all 
make: No se hace nada para «all».
17:22:20 **** Incremental Build of configuration Debug for project File System ****
make all 
make: No se hace nada para «all».
17:22:20 **** Incremental Build of configuration Debug for project Kernel ****
make all 
make: No se hace nada para «all».
17:22:20 **** Incremental Build of configuration Debug for project Memoria ****
make all 
make: No se hace nada para «all».
17:22:23 **** Incremental Build of configuration Debug for project CPU ****
make all 
Building file: ../src/CPU.c
Invoking: Cross GCC Compiler
gcc -O0 -g3 -Wall -c -fmessage-length=0 -MMD -MP -MF"src/CPU.d" -MT"src/CPU.d" -o "src/CPU.o" "../src/CPU.c"
../src/CPU.c: In function ‘main’:
../src/CPU.c:39:3: warning: passing argument 2 of ‘enviar’ makes pointer from integer without a cast [enabled by default]
   enviar(socket_Memoria,orden,sizeof(orden));
   ^
../src/CPU.c:29:6: note: expected ‘void *’ but argument is of type ‘char’
 void enviar(int socket, void* cosaAEnviar, int tamanio);
      ^
Finished building: ../src/CPU.c
 
Building target: CPU
Invoking: Cross GCC Linker
gcc  -o "CPU"  ./src/CPU.o   -lcommons
Finished building target: CPU
 
17:22:23 **** Incremental Build of configuration Debug for project Consola ****
make all 
make: No se hace nada para «all».
17:22:23 **** Incremental Build of configuration Debug for project File System ****
make all 
make: No se hace nada para «all».
17:22:23 **** Incremental Build of configuration Debug for project Kernel ****
make all 
make: No se hace nada para «all».
17:22:23 **** Incremental Build of configuration Debug for project Memoria ****
make all 
make: No se hace nada para «all».
18:43:29 **** Incremental Build of configuration Debug for project CPU ****
make all 
Building file: ../src/CPU.c
Invoking: Cross GCC Compiler
gcc -O0 -g3 -Wall -c -fmessage-length=0 -MMD -MP -MF"src/CPU.d" -MT"src/CPU.d" -o "src/CPU.o" "../src/CPU.c"
../src/CPU.c: In function ‘main’:
../src/CPU.c:39:3: warning: passing argument 2 of ‘enviar’ makes pointer from integer without a cast [enabled by default]
   enviar(socket_Memoria,orden,sizeof(orden));
   ^
../src/CPU.c:29:6: note: expected ‘void *’ but argument is of type ‘char’
 void enviar(int socket, void* cosaAEnviar, int tamanio);
      ^
Finished building: ../src/CPU.c
 
Building target: CPU
Invoking: Cross GCC Linker
gcc  -o "CPU"  ./src/CPU.o   -lcommons
Finished building target: CPU
 
18:43:32 **** Incremental Build of configuration Debug for project Consola ****
make all 
Building target: Consola
Invoking: Cross GCC Linker
gcc  -o "Consola"  ./src/Consola.o   -lcommons
Finished building target: Consola
 
18:43:32 **** Incremental Build of configuration Debug for project File System ****
make all 
Building target: File System
Invoking: Cross GCC Linker
gcc  -o "File System"  ./src/File\ System.o   -lcommons
Finished building target: File System
 
18:43:32 **** Incremental Build of configuration Debug for project Kernel ****
make all 
Building target: Kernel
Invoking: Cross GCC Linker
gcc  -o "Kernel"  ./src/Kernel.o   -lcommons
Finished building target: Kernel
 
18:43:33 **** Incremental Build of configuration Debug for project Memoria ****
make all 
Building file: ../src/Memoria.c
Invoking: Cross GCC Compiler
gcc -O0 -g3 -Wall -c -fmessage-length=0 -MMD -MP -MF"src/Memoria.d" -MT"src/Memoria.d" -o "src/Memoria.o" "../src/Memoria.c"
../src/Memoria.c: In function ‘nuevaOrdenDeAccion’:
../src/Memoria.c:280:9: warning: assignment makes integer from pointer without a cast [enabled by default]
  buffer = recibir(puertoCliente);
         ^
Finished building: ../src/Memoria.c
 
Building target: Memoria
Invoking: Cross GCC Linker
gcc  -o "Memoria"  ./src/Memoria.o   -lcommons
Finished building target: Memoria
 
18:44:00 **** Incremental Build of configuration Debug for project CPU ****
make all 
Building file: ../src/CPU.c
Invoking: Cross GCC Compiler
gcc -O0 -g3 -Wall -c -fmessage-length=0 -MMD -MP -MF"src/CPU.d" -MT"src/CPU.d" -o "src/CPU.o" "../src/CPU.c"
../src/CPU.c: In function ‘main’:
../src/CPU.c:39:3: warning: passing argument 2 of ‘enviar’ makes pointer from integer without a cast [enabled by default]
   enviar(socket_Memoria,orden,sizeof(char));
   ^
../src/CPU.c:29:6: note: expected ‘void *’ but argument is of type ‘char’
 void enviar(int socket, void* cosaAEnviar, int tamanio);
      ^
Finished building: ../src/CPU.c
 
Building target: CPU
Invoking: Cross GCC Linker
gcc  -o "CPU"  ./src/CPU.o   -lcommons
Finished building target: CPU
 
18:44:00 **** Incremental Build of configuration Debug for project Consola ****
make all 
make: No se hace nada para «all».
18:44:00 **** Incremental Build of configuration Debug for project File System ****
make all 
make: No se hace nada para «all».
18:44:00 **** Incremental Build of configuration Debug for project Kernel ****
make all 
make: No se hace nada para «all».
18:44:00 **** Incremental Build of configuration Debug for project Memoria ****
make all 
make: No se hace nada para «all».
18:49:41 **** Incremental Build of configuration Debug for project CPU ****
make all 
Building file: ../src/CPU.c
Invoking: Cross GCC Compiler
gcc -O0 -g3 -Wall -c -fmessage-length=0 -MMD -MP -MF"src/CPU.d" -MT"src/CPU.d" -o "src/CPU.o" "../src/CPU.c"
../src/CPU.c: In function ‘main’:
../src/CPU.c:38:3: warning: format ‘%c’ expects argument of type ‘char *’, but argument 2 has type ‘int’ [-Wformat=]
   scanf("%c", orden);
   ^
../src/CPU.c:39:3: warning: passing argument 2 of ‘enviar’ makes pointer from integer without a cast [enabled by default]
   enviar(socket_Memoria,orden,sizeof(char));
   ^
../src/CPU.c:29:6: note: expected ‘void *’ but argument is of type ‘char’
 void enviar(int socket, void* cosaAEnviar, int tamanio);
      ^
../src/CPU.c:38:8: warning: ‘orden’ is used uninitialized in this function [-Wuninitialized]
   scanf("%c", orden);
        ^
Finished building: ../src/CPU.c
 
Building target: CPU
Invoking: Cross GCC Linker
gcc  -o "CPU"  ./src/CPU.o   -lcommons
Finished building target: CPU
 
18:49:41 **** Incremental Build of configuration Debug for project Consola ****
make all 
make: No se hace nada para «all».
18:49:41 **** Incremental Build of configuration Debug for project File System ****
make all 
make: No se hace nada para «all».
18:49:41 **** Incremental Build of configuration Debug for project Kernel ****
make all 
make: No se hace nada para «all».
18:49:41 **** Incremental Build of configuration Debug for project Memoria ****
make all 
make: No se hace nada para «all».
18:49:55 **** Incremental Build of configuration Debug for project CPU ****
make all 
make: No se hace nada para «all».
18:49:55 **** Incremental Build of configuration Debug for project Consola ****
make all 
make: No se hace nada para «all».
18:49:55 **** Incremental Build of configuration Debug for project File System ****
make all 
make: No se hace nada para «all».
18:49:55 **** Incremental Build of configuration Debug for project Kernel ****
make all 
make: No se hace nada para «all».
18:49:55 **** Incremental Build of configuration Debug for project Memoria ****
make all 
make: No se hace nada para «all».
18:49:59 **** Incremental Build of configuration Debug for project CPU ****
make all 
Building file: ../src/CPU.c
Invoking: Cross GCC Compiler
gcc -O0 -g3 -Wall -c -fmessage-length=0 -MMD -MP -MF"src/CPU.d" -MT"src/CPU.d" -o "src/CPU.o" "../src/CPU.c"
../src/CPU.c: In function ‘main’:
../src/CPU.c:39:3: warning: passing argument 2 of ‘enviar’ makes pointer from integer without a cast [enabled by default]
   enviar(socket_Memoria,orden,sizeof(char));
   ^
../src/CPU.c:29:6: note: expected ‘void *’ but argument is of type ‘char’
 void enviar(int socket, void* cosaAEnviar, int tamanio);
      ^
Finished building: ../src/CPU.c
 
Building target: CPU
Invoking: Cross GCC Linker
gcc  -o "CPU"  ./src/CPU.o   -lcommons
Finished building target: CPU
 
18:49:59 **** Incremental Build of configuration Debug for project Consola ****
make all 
make: No se hace nada para «all».
18:49:59 **** Incremental Build of configuration Debug for project File System ****
make all 
make: No se hace nada para «all».
18:49:59 **** Incremental Build of configuration Debug for project Kernel ****
make all 
make: No se hace nada para «all».
18:49:59 **** Incremental Build of configuration Debug for project Memoria ****
make all 
make: No se hace nada para «all».
18:50:01 **** Incremental Build of configuration Debug for project CPU ****
make all 
make: No se hace nada para «all».
18:50:01 **** Incremental Build of configuration Debug for project Consola ****
make all 
make: No se hace nada para «all».
18:50:01 **** Incremental Build of configuration Debug for project File System ****
make all 
make: No se hace nada para «all».
18:50:01 **** Incremental Build of configuration Debug for project Kernel ****
make all 
make: No se hace nada para «all».
18:50:01 **** Incremental Build of configuration Debug for project Memoria ****
make all 
make: No se hace nada para «all».
19:02:29 **** Incremental Build of configuration Debug for project CPU ****
make all 
Building file: ../src/CPU.c
Invoking: Cross GCC Compiler
gcc -O0 -g3 -Wall -c -fmessage-length=0 -MMD -MP -MF"src/CPU.d" -MT"src/CPU.d" -o "src/CPU.o" "../src/CPU.c"
Finished building: ../src/CPU.c
 
Building target: CPU
Invoking: Cross GCC Linker
gcc  -o "CPU"  ./src/CPU.o   -lcommons
Finished building target: CPU
 
19:02:29 **** Incremental Build of configuration Debug for project Consola ****
make all 
make: No se hace nada para «all».
19:02:29 **** Incremental Build of configuration Debug for project File System ****
make all 
make: No se hace nada para «all».
19:02:30 **** Incremental Build of configuration Debug for project Kernel ****
make all 
make: No se hace nada para «all».
19:02:30 **** Incremental Build of configuration Debug for project Memoria ****
make all 
Building file: ../src/Memoria.c
Invoking: Cross GCC Compiler
gcc -O0 -g3 -Wall -c -fmessage-length=0 -MMD -MP -MF"src/Memoria.d" -MT"src/Memoria.d" -o "src/Memoria.o" "../src/Memoria.c"
../src/Memoria.c: In function ‘nuevaOrdenDeAccion’:
../src/Memoria.c:280:9: warning: assignment makes integer from pointer without a cast [enabled by default]
  buffer = recibir(puertoCliente);
         ^
Finished building: ../src/Memoria.c
 
Building target: Memoria
Invoking: Cross GCC Linker
gcc  -o "Memoria"  ./src/Memoria.o   -lcommons
Finished building target: Memoria
 
19:05:02 **** Incremental Build of configuration Debug for project CPU ****
make all 
make: No se hace nada para «all».
19:05:02 **** Incremental Build of configuration Debug for project Consola ****
make all 
make: No se hace nada para «all».
19:05:02 **** Incremental Build of configuration Debug for project File System ****
make all 
make: No se hace nada para «all».
19:05:02 **** Incremental Build of configuration Debug for project Kernel ****
make all 
make: No se hace nada para «all».
19:05:03 **** Incremental Build of configuration Debug for project Memoria ****
make all 
Building file: ../src/Memoria.c
Invoking: Cross GCC Compiler
gcc -O0 -g3 -Wall -c -fmessage-length=0 -MMD -MP -MF"src/Memoria.d" -MT"src/Memoria.d" -o "src/Memoria.o" "../src/Memoria.c"
../src/Memoria.c: In function ‘nuevaOrdenDeAccion’:
../src/Memoria.c:281:2: warning: format ‘%c’ expects argument of type ‘int’, but argument 2 has type ‘char *’ [-Wformat=]
  printf("Orden %c\n",buffer);
  ^
../src/Memoria.c:282:2: warning: return makes integer from pointer without a cast [enabled by default]
  return buffer;
  ^
Finished building: ../src/Memoria.c
 
Building target: Memoria
Invoking: Cross GCC Linker
gcc  -o "Memoria"  ./src/Memoria.o   -lcommons
Finished building target: Memoria
 
19:05:13 **** Incremental Build of configuration Debug for project CPU ****
make all 
make: No se hace nada para «all».
19:05:13 **** Incremental Build of configuration Debug for project Consola ****
make all 
make: No se hace nada para «all».
19:05:13 **** Incremental Build of configuration Debug for project File System ****
make all 
make: No se hace nada para «all».
19:05:13 **** Incremental Build of configuration Debug for project Kernel ****
make all 
make: No se hace nada para «all».
19:05:13 **** Incremental Build of configuration Debug for project Memoria ****
make all 
make: No se hace nada para «all».
19:05:28 **** Incremental Build of configuration Debug for project CPU ****
make all 
make: No se hace nada para «all».
19:05:28 **** Incremental Build of configuration Debug for project Consola ****
make all 
make: No se hace nada para «all».
19:05:28 **** Incremental Build of configuration Debug for project File System ****
make all 
make: No se hace nada para «all».
19:05:28 **** Incremental Build of configuration Debug for project Kernel ****
make all 
make: No se hace nada para «all».
19:05:28 **** Incremental Build of configuration Debug for project Memoria ****
make all 
Building file: ../src/Memoria.c
Invoking: Cross GCC Compiler
gcc -O0 -g3 -Wall -c -fmessage-length=0 -MMD -MP -MF"src/Memoria.d" -MT"src/Memoria.d" -o "src/Memoria.o" "../src/Memoria.c"
Finished building: ../src/Memoria.c
 
Building target: Memoria
Invoking: Cross GCC Linker
gcc  -o "Memoria"  ./src/Memoria.o   -lcommons
Finished building target: Memoria
 
19:08:17 **** Incremental Build of configuration Debug for project CPU ****
make all 
make: No se hace nada para «all».
19:08:17 **** Incremental Build of configuration Debug for project Consola ****
make all 
make: No se hace nada para «all».
19:08:17 **** Incremental Build of configuration Debug for project File System ****
make all 
make: No se hace nada para «all».
19:08:17 **** Incremental Build of configuration Debug for project Kernel ****
make all 
make: No se hace nada para «all».
19:08:18 **** Incremental Build of configuration Debug for project Memoria ****
make all 
Building file: ../src/Memoria.c
Invoking: Cross GCC Compiler
gcc -O0 -g3 -Wall -c -fmessage-length=0 -MMD -MP -MF"src/Memoria.d" -MT"src/Memoria.d" -o "src/Memoria.o" "../src/Memoria.c"
Finished building: ../src/Memoria.c
 
Building target: Memoria
Invoking: Cross GCC Linker
gcc  -o "Memoria"  ./src/Memoria.o   -lcommons
Finished building target: Memoria
 
19:11:37 **** Incremental Build of configuration Debug for project CPU ****
make all 
make: No se hace nada para «all».
19:11:37 **** Incremental Build of configuration Debug for project Consola ****
make all 
make: No se hace nada para «all».
19:11:37 **** Incremental Build of configuration Debug for project File System ****
make all 
make: No se hace nada para «all».
19:11:37 **** Incremental Build of configuration Debug for project Kernel ****
make all 
make: No se hace nada para «all».
19:11:37 **** Incremental Build of configuration Debug for project Memoria ****
make all 
Building file: ../src/Memoria.c
Invoking: Cross GCC Compiler
gcc -O0 -g3 -Wall -c -fmessage-length=0 -MMD -MP -MF"src/Memoria.d" -MT"src/Memoria.d" -o "src/Memoria.o" "../src/Memoria.c"
Finished building: ../src/Memoria.c
 
Building target: Memoria
Invoking: Cross GCC Linker
gcc  -o "Memoria"  ./src/Memoria.o   -lcommons
Finished building target: Memoria
 
19:11:46 **** Incremental Build of configuration Debug for project CPU ****
make all 
make: No se hace nada para «all».
19:11:46 **** Incremental Build of configuration Debug for project Consola ****
make all 
make: No se hace nada para «all».
19:11:46 **** Incremental Build of configuration Debug for project File System ****
make all 
make: No se hace nada para «all».
19:11:46 **** Incremental Build of configuration Debug for project Kernel ****
make all 
make: No se hace nada para «all».
19:11:46 **** Incremental Build of configuration Debug for project Memoria ****
make all 
Building file: ../src/Memoria.c
Invoking: Cross GCC Compiler
gcc -O0 -g3 -Wall -c -fmessage-length=0 -MMD -MP -MF"src/Memoria.d" -MT"src/Memoria.d" -o "src/Memoria.o" "../src/Memoria.c"
Finished building: ../src/Memoria.c
 
Building target: Memoria
Invoking: Cross GCC Linker
gcc  -o "Memoria"  ./src/Memoria.o   -lcommons
Finished building target: Memoria
 
19:11:50 **** Incremental Build of configuration Debug for project CPU ****
make all 
Building file: ../src/CPU.c
Invoking: Cross GCC Compiler
gcc -O0 -g3 -Wall -c -fmessage-length=0 -MMD -MP -MF"src/CPU.d" -MT"src/CPU.d" -o "src/CPU.o" "../src/CPU.c"
Finished building: ../src/CPU.c
 
Building target: CPU
Invoking: Cross GCC Linker
gcc  -o "CPU"  ./src/CPU.o   -lcommons
Finished building target: CPU
 
19:11:50 **** Incremental Build of configuration Debug for project Consola ****
make all 
make: No se hace nada para «all».
19:11:50 **** Incremental Build of configuration Debug for project File System ****
make all 
make: No se hace nada para «all».
19:11:50 **** Incremental Build of configuration Debug for project Kernel ****
make all 
make: No se hace nada para «all».
19:11:51 **** Incremental Build of configuration Debug for project Memoria ****
make all 
make: No se hace nada para «all».
19:16:35 **** Incremental Build of configuration Debug for project CPU ****
make all 
make: No se hace nada para «all».
19:16:35 **** Incremental Build of configuration Debug for project Consola ****
make all 
make: No se hace nada para «all».
19:16:36 **** Incremental Build of configuration Debug for project File System ****
make all 
make: No se hace nada para «all».
19:16:36 **** Incremental Build of configuration Debug for project Kernel ****
make all 
make: No se hace nada para «all».
19:16:36 **** Incremental Build of configuration Debug for project Memoria ****
make all 
make: No se hace nada para «all».
19:20:14 **** Incremental Build of configuration Debug for project CPU ****
make all 
make: No se hace nada para «all».
19:20:14 **** Incremental Build of configuration Debug for project Consola ****
make all 
make: No se hace nada para «all».
19:20:14 **** Incremental Build of configuration Debug for project File System ****
make all 
make: No se hace nada para «all».
19:20:14 **** Incremental Build of configuration Debug for project Kernel ****
make all 
make: No se hace nada para «all».
19:20:15 **** Incremental Build of configuration Debug for project Memoria ****
make all 
Building file: ../src/Memoria.c
Invoking: Cross GCC Compiler
gcc -O0 -g3 -Wall -c -fmessage-length=0 -MMD -MP -MF"src/Memoria.d" -MT"src/Memoria.d" -o "src/Memoria.o" "../src/Memoria.c"
Finished building: ../src/Memoria.c
 
Building target: Memoria
Invoking: Cross GCC Linker
gcc  -o "Memoria"  ./src/Memoria.o   -lcommons
Finished building target: Memoria
 
19:22:01 **** Incremental Build of configuration Debug for project CPU ****
make all 
make: No se hace nada para «all».
19:22:01 **** Incremental Build of configuration Debug for project Consola ****
make all 
make: No se hace nada para «all».
19:22:01 **** Incremental Build of configuration Debug for project File System ****
make all 
make: No se hace nada para «all».
19:22:01 **** Incremental Build of configuration Debug for project Kernel ****
make all 
make: No se hace nada para «all».
19:22:01 **** Incremental Build of configuration Debug for project Memoria ****
make all 
Building file: ../src/Memoria.c
Invoking: Cross GCC Compiler
gcc -O0 -g3 -Wall -c -fmessage-length=0 -MMD -MP -MF"src/Memoria.d" -MT"src/Memoria.d" -o "src/Memoria.o" "../src/Memoria.c"
Finished building: ../src/Memoria.c
 
Building target: Memoria
Invoking: Cross GCC Linker
gcc  -o "Memoria"  ./src/Memoria.o   -lcommons
Finished building target: Memoria
 
19:22:18 **** Incremental Build of configuration Debug for project CPU ****
make all 
make: No se hace nada para «all».
19:22:18 **** Incremental Build of configuration Debug for project Consola ****
make all 
make: No se hace nada para «all».
19:22:18 **** Incremental Build of configuration Debug for project File System ****
make all 
make: No se hace nada para «all».
19:22:18 **** Incremental Build of configuration Debug for project Kernel ****
make all 
make: No se hace nada para «all».
19:22:18 **** Incremental Build of configuration Debug for project Memoria ****
make all 
make: No se hace nada para «all».
19:23:03 **** Incremental Build of configuration Debug for project CPU ****
make all 
make: No se hace nada para «all».
19:23:03 **** Incremental Build of configuration Debug for project Consola ****
make all 
make: No se hace nada para «all».
19:23:03 **** Incremental Build of configuration Debug for project File System ****
make all 
make: No se hace nada para «all».
19:23:04 **** Incremental Build of configuration Debug for project Kernel ****
make all 
make: No se hace nada para «all».
19:23:04 **** Incremental Build of configuration Debug for project Memoria ****
make all 
Building file: ../src/Memoria.c
Invoking: Cross GCC Compiler
gcc -O0 -g3 -Wall -c -fmessage-length=0 -MMD -MP -MF"src/Memoria.d" -MT"src/Memoria.d" -o "src/Memoria.o" "../src/Memoria.c"
Finished building: ../src/Memoria.c
 
Building target: Memoria
Invoking: Cross GCC Linker
gcc  -o "Memoria"  ./src/Memoria.o   -lcommons
Finished building target: Memoria
 
19:25:44 **** Incremental Build of configuration Debug for project CPU ****
make all 
make: No se hace nada para «all».
19:25:44 **** Incremental Build of configuration Debug for project Consola ****
make all 
make: No se hace nada para «all».
19:25:44 **** Incremental Build of configuration Debug for project File System ****
make all 
make: No se hace nada para «all».
19:25:44 **** Incremental Build of configuration Debug for project Kernel ****
make all 
make: No se hace nada para «all».
19:25:44 **** Incremental Build of configuration Debug for project Memoria ****
make all 
Building file: ../src/Memoria.c
Invoking: Cross GCC Compiler
gcc -O0 -g3 -Wall -c -fmessage-length=0 -MMD -MP -MF"src/Memoria.d" -MT"src/Memoria.d" -o "src/Memoria.o" "../src/Memoria.c"
Finished building: ../src/Memoria.c
 
Building target: Memoria
Invoking: Cross GCC Linker
gcc  -o "Memoria"  ./src/Memoria.o   -lcommons
Finished building target: Memoria
 
19:26:19 **** Incremental Build of configuration Debug for project CPU ****
make all 
make: No se hace nada para «all».
19:26:19 **** Incremental Build of configuration Debug for project Consola ****
make all 
make: No se hace nada para «all».
19:26:19 **** Incremental Build of configuration Debug for project File System ****
make all 
make: No se hace nada para «all».
19:26:19 **** Incremental Build of configuration Debug for project Kernel ****
make all 
make: No se hace nada para «all».
19:26:20 **** Incremental Build of configuration Debug for project Memoria ****
make all 
Building file: ../src/Memoria.c
Invoking: Cross GCC Compiler
gcc -O0 -g3 -Wall -c -fmessage-length=0 -MMD -MP -MF"src/Memoria.d" -MT"src/Memoria.d" -o "src/Memoria.o" "../src/Memoria.c"
Finished building: ../src/Memoria.c
 
Building target: Memoria
Invoking: Cross GCC Linker
gcc  -o "Memoria"  ./src/Memoria.o   -lcommons
Finished building target: Memoria
 
19:27:00 **** Incremental Build of configuration Debug for project CPU ****
make all 
make: No se hace nada para «all».
19:27:00 **** Incremental Build of configuration Debug for project Consola ****
make all 
make: No se hace nada para «all».
19:27:00 **** Incremental Build of configuration Debug for project File System ****
make all 
make: No se hace nada para «all».
19:27:01 **** Incremental Build of configuration Debug for project Kernel ****
make all 
make: No se hace nada para «all».
19:27:01 **** Incremental Build of configuration Debug for project Memoria ****
make all 
Building file: ../src/Memoria.c
Invoking: Cross GCC Compiler
gcc -O0 -g3 -Wall -c -fmessage-length=0 -MMD -MP -MF"src/Memoria.d" -MT"src/Memoria.d" -o "src/Memoria.o" "../src/Memoria.c"
Finished building: ../src/Memoria.c
 
Building target: Memoria
Invoking: Cross GCC Linker
gcc  -o "Memoria"  ./src/Memoria.o   -lcommons
Finished building target: Memoria
 
19:28:55 **** Incremental Build of configuration Debug for project CPU ****
make all 
make: No se hace nada para «all».
19:28:55 **** Incremental Build of configuration Debug for project Consola ****
make all 
make: No se hace nada para «all».
19:28:55 **** Incremental Build of configuration Debug for project File System ****
make all 
make: No se hace nada para «all».
19:28:56 **** Incremental Build of configuration Debug for project Kernel ****
make all 
make: No se hace nada para «all».
19:28:56 **** Incremental Build of configuration Debug for project Memoria ****
make all 
Building file: ../src/Memoria.c
Invoking: Cross GCC Compiler
gcc -O0 -g3 -Wall -c -fmessage-length=0 -MMD -MP -MF"src/Memoria.d" -MT"src/Memoria.d" -o "src/Memoria.o" "../src/Memoria.c"
Finished building: ../src/Memoria.c
 
Building target: Memoria
Invoking: Cross GCC Linker
gcc  -o "Memoria"  ./src/Memoria.o   -lcommons
Finished building target: Memoria
 
19:29:03 **** Incremental Build of configuration Debug for project CPU ****
make all 
make: No se hace nada para «all».
19:29:03 **** Incremental Build of configuration Debug for project Consola ****
make all 
make: No se hace nada para «all».
19:29:03 **** Incremental Build of configuration Debug for project File System ****
make all 
make: No se hace nada para «all».
19:29:04 **** Incremental Build of configuration Debug for project Kernel ****
make all 
make: No se hace nada para «all».
19:29:04 **** Incremental Build of configuration Debug for project Memoria ****
make all 
Building file: ../src/Memoria.c
Invoking: Cross GCC Compiler
gcc -O0 -g3 -Wall -c -fmessage-length=0 -MMD -MP -MF"src/Memoria.d" -MT"src/Memoria.d" -o "src/Memoria.o" "../src/Memoria.c"
Finished building: ../src/Memoria.c
 
Building target: Memoria
Invoking: Cross GCC Linker
gcc  -o "Memoria"  ./src/Memoria.o   -lcommons
Finished building target: Memoria
 
19:29:38 **** Incremental Build of configuration Debug for project CPU ****
make all 
make: No se hace nada para «all».
19:29:38 **** Incremental Build of configuration Debug for project Consola ****
make all 
make: No se hace nada para «all».
19:29:38 **** Incremental Build of configuration Debug for project File System ****
make all 
make: No se hace nada para «all».
19:29:38 **** Incremental Build of configuration Debug for project Kernel ****
make all 
make: No se hace nada para «all».
19:29:38 **** Incremental Build of configuration Debug for project Memoria ****
make all 
Building file: ../src/Memoria.c
Invoking: Cross GCC Compiler
gcc -O0 -g3 -Wall -c -fmessage-length=0 -MMD -MP -MF"src/Memoria.d" -MT"src/Memoria.d" -o "src/Memoria.o" "../src/Memoria.c"
Finished building: ../src/Memoria.c
 
Building target: Memoria
Invoking: Cross GCC Linker
gcc  -o "Memoria"  ./src/Memoria.o   -lcommons
Finished building target: Memoria
 
19:30:02 **** Incremental Build of configuration Debug for project CPU ****
make all 
make: No se hace nada para «all».
19:30:02 **** Incremental Build of configuration Debug for project Consola ****
make all 
make: No se hace nada para «all».
19:30:02 **** Incremental Build of configuration Debug for project File System ****
make all 
make: No se hace nada para «all».
19:30:03 **** Incremental Build of configuration Debug for project Kernel ****
make all 
make: No se hace nada para «all».
19:30:03 **** Incremental Build of configuration Debug for project Memoria ****
make all 
Building file: ../src/Memoria.c
Invoking: Cross GCC Compiler
gcc -O0 -g3 -Wall -c -fmessage-length=0 -MMD -MP -MF"src/Memoria.d" -MT"src/Memoria.d" -o "src/Memoria.o" "../src/Memoria.c"
Finished building: ../src/Memoria.c
 
Building target: Memoria
Invoking: Cross GCC Linker
gcc  -o "Memoria"  ./src/Memoria.o   -lcommons
Finished building target: Memoria
 
19:30:24 **** Incremental Build of configuration Debug for project CPU ****
make all 
make: No se hace nada para «all».
19:30:24 **** Incremental Build of configuration Debug for project Consola ****
make all 
make: No se hace nada para «all».
19:30:24 **** Incremental Build of configuration Debug for project File System ****
make all 
make: No se hace nada para «all».
19:30:24 **** Incremental Build of configuration Debug for project Kernel ****
make all 
make: No se hace nada para «all».
19:30:25 **** Incremental Build of configuration Debug for project Memoria ****
make all 
Building file: ../src/Memoria.c
Invoking: Cross GCC Compiler
gcc -O0 -g3 -Wall -c -fmessage-length=0 -MMD -MP -MF"src/Memoria.d" -MT"src/Memoria.d" -o "src/Memoria.o" "../src/Memoria.c"
Finished building: ../src/Memoria.c
 
Building target: Memoria
Invoking: Cross GCC Linker
gcc  -o "Memoria"  ./src/Memoria.o   -lcommons
Finished building target: Memoria
 
19:30:43 **** Incremental Build of configuration Debug for project CPU ****
make all 
make: No se hace nada para «all».
19:30:43 **** Incremental Build of configuration Debug for project Consola ****
make all 
make: No se hace nada para «all».
19:30:43 **** Incremental Build of configuration Debug for project File System ****
make all 
make: No se hace nada para «all».
19:30:43 **** Incremental Build of configuration Debug for project Kernel ****
make all 
make: No se hace nada para «all».
19:30:43 **** Incremental Build of configuration Debug for project Memoria ****
make all 
Building file: ../src/Memoria.c
Invoking: Cross GCC Compiler
gcc -O0 -g3 -Wall -c -fmessage-length=0 -MMD -MP -MF"src/Memoria.d" -MT"src/Memoria.d" -o "src/Memoria.o" "../src/Memoria.c"
Finished building: ../src/Memoria.c
 
Building target: Memoria
Invoking: Cross GCC Linker
gcc  -o "Memoria"  ./src/Memoria.o   -lcommons
Finished building target: Memoria
 
19:30:58 **** Incremental Build of configuration Debug for project CPU ****
make all 
make: No se hace nada para «all».
19:30:58 **** Incremental Build of configuration Debug for project Consola ****
make all 
make: No se hace nada para «all».
19:30:59 **** Incremental Build of configuration Debug for project File System ****
make all 
make: No se hace nada para «all».
19:30:59 **** Incremental Build of configuration Debug for project Kernel ****
make all 
make: No se hace nada para «all».
19:30:59 **** Incremental Build of configuration Debug for project Memoria ****
make all 
Building file: ../src/Memoria.c
Invoking: Cross GCC Compiler
gcc -O0 -g3 -Wall -c -fmessage-length=0 -MMD -MP -MF"src/Memoria.d" -MT"src/Memoria.d" -o "src/Memoria.o" "../src/Memoria.c"
Finished building: ../src/Memoria.c
 
Building target: Memoria
Invoking: Cross GCC Linker
gcc  -o "Memoria"  ./src/Memoria.o   -lcommons
Finished building target: Memoria
 
19:36:16 **** Incremental Build of configuration Debug for project CPU ****
make all 
make: No se hace nada para «all».
19:36:16 **** Incremental Build of configuration Debug for project Consola ****
make all 
make: No se hace nada para «all».
19:36:17 **** Incremental Build of configuration Debug for project File System ****
make all 
make: No se hace nada para «all».
19:36:17 **** Incremental Build of configuration Debug for project Kernel ****
make all 
make: No se hace nada para «all».
19:36:17 **** Incremental Build of configuration Debug for project Memoria ****
make all 
make: No se hace nada para «all».
